Using pre-set license
Built from '2020.2/staging' branch; Version is '2020.2.3f1 (8ff31bc5bf5b) revision 9433883'; Using compiler version '192528614'; Build Type 'Release'
OS: 'Windows 10 Home Single Language; OS build 19041.867; Version 2004; 64bit' Language: 'ru' Physical Memory: 16267 MB
BatchMode: 1, IsHumanControllingUs: 0, StartBugReporterOnCrash: 0, Is64bit: 1, IsPro: 0

 COMMAND LINE ARGUMENTS:
D:\Unity\2020.2.3f1\Editor\Unity.exe
-adb2
-batchMode
-noUpm
-name
AssetImportWorker0
-projectPath
D:/Unity Projects/mYcUM_aRTYOM
-logFile
Logs/AssetImportWorker0.log
-srvPort
57026
Successfully changed project path to: D:/Unity Projects/mYcUM_aRTYOM
D:/Unity Projects/mYcUM_aRTYOM
Using Asset Import Pipeline V2.
Refreshing native plugins compatible for Editor in 43.37 ms, found 3 plugins.
Preloading 0 native plugins for Editor in 0.00 ms.
Initialize engine version: 2020.2.3f1 (8ff31bc5bf5b)
[Subsystems] Discovering subsystems at path D:/Unity/2020.2.3f1/Editor/Data/Resources/UnitySubsystems
[Subsystems] Discovering subsystems at path D:/Unity Projects/mYcUM_aRTYOM/Assets
GfxDevice: creating device client; threaded=0
Direct3D:
    Version:  Direct3D 11.0 [level 11.1]
    Renderer: NVIDIA GeForce GTX 1050 (ID=0x1c8d)
    Vendor:   
    VRAM:     1977 MB
    Driver:   26.21.14.3648
Initialize mono
Mono path[0] = 'D:/Unity/2020.2.3f1/Editor/Data/Managed'
Mono path[1] = 'D:/Unity/2020.2.3f1/Editor/Data/MonoBleedingEdge/lib/mono/unityjit'
Mono config path = 'D:/Unity/2020.2.3f1/Editor/Data/MonoBleedingEdge/etc'
Using monoOptions --debugger-agent=transport=dt_socket,embedding=1,server=y,suspend=n,address=127.0.0.1:56028
Begin MonoManager ReloadAssembly
Registering precompiled unity dll's ...
Register platform support module: D:/Unity/2020.2.3f1/Editor/Data/PlaybackEngines/WindowsStandaloneSupport/UnityEditor.WindowsStandalone.Extensions.dll
Registered in 0.002430 seconds.
Native extension for WindowsStandalone target not found
Refreshing native plugins compatible for Editor in 37.90 ms, found 3 plugins.
Preloading 0 native plugins for Editor in 0.00 ms.
Invoked RoslynAnalysisRunner static constructor.
RoslynAnalysisRunner will not be running.
RoslynAnalysisRunner has terminated.
Mono: successfully reloaded assembly
- Completed reload, in  2.269 seconds
Platform modules already initialized, skipping
Registering precompiled user dll's ...
Registered in 0.002944 seconds.
Begin MonoManager ReloadAssembly
Native extension for WindowsStandalone target not found
Refreshing native plugins compatible for Editor in 0.39 ms, found 3 plugins.
Preloading 0 native plugins for Editor in 0.00 ms.
Invoked RoslynAnalysisRunner static constructor.
RoslynAnalysisRunner will not be running.
RoslynAnalysisRunner has terminated.
Mono: successfully reloaded assembly
- Completed reload, in  1.126 seconds
Platform modules already initialized, skipping
========================================================================
Worker process is ready to serve import requests
Launched and connected shader compiler UnityShaderCompiler.exe after 0.07 seconds
Refreshing native plugins compatible for Editor in 0.75 ms, found 3 plugins.
Preloading 0 native plugins for Editor in 0.00 ms.
Unloading 1428 Unused Serialized files (Serialized files now loaded: 0)
System memory in use before: 72.6 MB.
System memory in use after: 72.6 MB.

Unloading 13 unused Assets to reduce memory usage. Loaded Objects now: 1880.
Total: 2.573600 ms (FindLiveObjects: 0.424300 ms CreateObjectMapping: 0.109400 ms MarkObjects: 1.915300 ms  DeleteObjects: 0.123300 ms)

========================================================================
Received Import Request.
  path: Assets/BCounter.cs
  artifactKey: Guid(af0a617405cb8084e979cb3e2e139e0d) Importer(815301076,1909f56bfc062723c751e8b465ee728b)
Start importing Assets/BCounter.cs using Guid(af0a617405cb8084e979cb3e2e139e0d) Importer(815301076,1909f56bfc062723c751e8b465ee728b)  -> (artifact id: 'd798896a48214f8a6992a5774f86f2ac') in 0.099793 seconds
  Import took 0.103099 seconds .

========================================================================
Received Import Request.
  Time since last request: 0.000366 seconds.
  path: Assets/BCounter_duga.cs
  artifactKey: Guid(541dc307de19064468809a00217f7620) Importer(815301076,1909f56bfc062723c751e8b465ee728b)
Start importing Assets/BCounter_duga.cs using Guid(541dc307de19064468809a00217f7620) Importer(815301076,1909f56bfc062723c751e8b465ee728b)  -> (artifact id: '5a53d5806544b44e4efff6c5eee10cac') in 0.001888 seconds
  Import took 0.004720 seconds .

========================================================================
Received Prepare
Registering precompiled user dll's ...
Registered in 0.002760 seconds.
Begin MonoManager ReloadAssembly
Native extension for WindowsStandalone target not found
Refreshing native plugins compatible for Editor in 0.51 ms, found 3 plugins.
Preloading 0 native plugins for Editor in 0.00 ms.
Invoked RoslynAnalysisRunner static constructor.
RoslynAnalysisRunner will not be running.
RoslynAnalysisRunner has terminated.
Mono: successfully reloaded assembly
- Completed reload, in  1.797 seconds
Platform modules already initialized, skipping
Refreshing native plugins compatible for Editor in 0.70 ms, found 3 plugins.
Preloading 0 native plugins for Editor in 0.00 ms.
Unloading 1390 Unused Serialized files (Serialized files now loaded: 0)
System memory in use before: 70.1 MB.
System memory in use after: 70.2 MB.

Unloading 8 unused Assets to reduce memory usage. Loaded Objects now: 1883.
Total: 4.096700 ms (FindLiveObjects: 0.546200 ms CreateObjectMapping: 0.279300 ms MarkObjects: 3.206700 ms  DeleteObjects: 0.062000 ms)

========================================================================
Received Prepare
Registering precompiled user dll's ...
Registered in 0.002679 seconds.
Begin MonoManager ReloadAssembly
Native extension for WindowsStandalone target not found
Refreshing native plugins compatible for Editor in 0.44 ms, found 3 plugins.
Preloading 0 native plugins for Editor in 0.00 ms.
Invoked RoslynAnalysisRunner static constructor.
RoslynAnalysisRunner will not be running.
RoslynAnalysisRunner has terminated.
Mono: successfully reloaded assembly
- Completed reload, in  1.114 seconds
Platform modules already initialized, skipping
Refreshing native plugins compatible for Editor in 0.40 ms, found 3 plugins.
Preloading 0 native plugins for Editor in 0.00 ms.
Unloading 1390 Unused Serialized files (Serialized files now loaded: 0)
System memory in use before: 70.4 MB.
System memory in use after: 70.5 MB.

Unloading 8 unused Assets to reduce memory usage. Loaded Objects now: 1886.
Total: 1.942300 ms (FindLiveObjects: 0.193700 ms CreateObjectMapping: 0.046700 ms MarkObjects: 1.592800 ms  DeleteObjects: 0.108000 ms)

========================================================================
Received Import Request.
  Time since last request: 256.086258 seconds.
  path: Assets/ScoreText.cs
  artifactKey: Guid(561e2ff07a0f94843bd9ff61a5dd8193) Importer(815301076,1909f56bfc062723c751e8b465ee728b)
Start importing Assets/ScoreText.cs using Guid(561e2ff07a0f94843bd9ff61a5dd8193) Importer(815301076,1909f56bfc062723c751e8b465ee728b)  -> (artifact id: 'b2f0b70b5d5455f51e847ae6d0d2241d') in 0.101016 seconds
  Import took 0.103837 seconds .

========================================================================
Received Prepare
Registering precompiled user dll's ...
Registered in 0.004598 seconds.
Begin MonoManager ReloadAssembly
Native extension for WindowsStandalone target not found
Refreshing native plugins compatible for Editor in 0.45 ms, found 3 plugins.
Preloading 0 native plugins for Editor in 0.00 ms.
Invoked RoslynAnalysisRunner static constructor.
RoslynAnalysisRunner will not be running.
RoslynAnalysisRunner has terminated.
Mono: successfully reloaded assembly
- Completed reload, in  1.333 seconds
Platform modules already initialized, skipping
Refreshing native plugins compatible for Editor in 0.81 ms, found 3 plugins.
Preloading 0 native plugins for Editor in 0.00 ms.
Unloading 1390 Unused Serialized files (Serialized files now loaded: 0)
System memory in use before: 70.2 MB.
System memory in use after: 70.3 MB.

Unloading 8 unused Assets to reduce memory usage. Loaded Objects now: 1889.
Total: 3.533700 ms (FindLiveObjects: 0.167900 ms CreateObjectMapping: 0.060700 ms MarkObjects: 3.235500 ms  DeleteObjects: 0.067800 ms)

========================================================================
Received Prepare
Registering precompiled user dll's ...
Registered in 0.004146 seconds.
Begin MonoManager ReloadAssembly
Native extension for WindowsStandalone target not found
Refreshing native plugins compatible for Editor in 1.04 ms, found 3 plugins.
Preloading 0 native plugins for Editor in 0.00 ms.
Invoked RoslynAnalysisRunner static constructor.
RoslynAnalysisRunner will not be running.
RoslynAnalysisRunner has terminated.
Mono: successfully reloaded assembly
- Completed reload, in  1.251 seconds
Platform modules already initialized, skipping
Refreshing native plugins compatible for Editor in 0.84 ms, found 3 plugins.
Preloading 0 native plugins for Editor in 0.00 ms.
Unloading 1390 Unused Serialized files (Serialized files now loaded: 0)
System memory in use before: 70.5 MB.
System memory in use after: 70.6 MB.

Unloading 8 unused Assets to reduce memory usage. Loaded Objects now: 1892.
Total: 4.017900 ms (FindLiveObjects: 0.401700 ms CreateObjectMapping: 0.205600 ms MarkObjects: 3.323500 ms  DeleteObjects: 0.083000 ms)

========================================================================
Received Import Request.
  Time since last request: 182.332040 seconds.
  path: Assets/BCounter_duga.cs
  artifactKey: Guid(541dc307de19064468809a00217f7620) Importer(815301076,1909f56bfc062723c751e8b465ee728b)
Start importing Assets/BCounter_duga.cs using Guid(541dc307de19064468809a00217f7620) Importer(815301076,1909f56bfc062723c751e8b465ee728b)  -> (artifact id: '8269a0cd7ad45d99994fe6fa5cd336e6') in 0.008220 seconds
  Import took 0.015799 seconds .

========================================================================
Received Prepare
Registering precompiled user dll's ...
Registered in 0.004522 seconds.
Begin MonoManager ReloadAssembly
Native extension for WindowsStandalone target not found
Refreshing native plugins compatible for Editor in 0.41 ms, found 3 plugins.
Preloading 0 native plugins for Editor in 0.00 ms.
Invoked RoslynAnalysisRunner static constructor.
RoslynAnalysisRunner will not be running.
RoslynAnalysisRunner has terminated.
Mono: successfully reloaded assembly
- Completed reload, in  1.191 seconds
Platform modules already initialized, skipping
Refreshing native plugins compatible for Editor in 0.50 ms, found 3 plugins.
Preloading 0 native plugins for Editor in 0.00 ms.
Unloading 1390 Unused Serialized files (Serialized files now loaded: 0)
System memory in use before: 70.5 MB.
System memory in use after: 70.6 MB.

Unloading 8 unused Assets to reduce memory usage. Loaded Objects now: 1895.
Total: 2.550000 ms (FindLiveObjects: 0.381300 ms CreateObjectMapping: 0.125400 ms MarkObjects: 1.977400 ms  DeleteObjects: 0.064500 ms)

========================================================================
Received Import Request.
  Time since last request: 30.174204 seconds.
  path: Assets/BCounter_duga.cs
  artifactKey: Guid(541dc307de19064468809a00217f7620) Importer(815301076,1909f56bfc062723c751e8b465ee728b)
Start importing Assets/BCounter_duga.cs using Guid(541dc307de19064468809a00217f7620) Importer(815301076,1909f56bfc062723c751e8b465ee728b)  -> (artifact id: 'd973b3b7002c18dc969ee74aeb0bca14') in 0.004645 seconds
  Import took 0.007626 seconds .

========================================================================
Received Prepare
Registering precompiled user dll's ...
Registered in 0.007339 seconds.
Begin MonoManager ReloadAssembly
Native extension for WindowsStandalone target not found
Refreshing native plugins compatible for Editor in 0.55 ms, found 3 plugins.
Preloading 0 native plugins for Editor in 0.00 ms.
Invoked RoslynAnalysisRunner static constructor.
RoslynAnalysisRunner will not be running.
RoslynAnalysisRunner has terminated.
Mono: successfully reloaded assembly
- Completed reload, in  1.795 seconds
Platform modules already initialized, skipping
Refreshing native plugins compatible for Editor in 0.46 ms, found 3 plugins.
Preloading 0 native plugins for Editor in 0.00 ms.
Unloading 1390 Unused Serialized files (Serialized files now loaded: 0)
System memory in use before: 70.2 MB.
System memory in use after: 70.3 MB.

Unloading 8 unused Assets to reduce memory usage. Loaded Objects now: 1898.
Total: 7.445300 ms (FindLiveObjects: 0.178200 ms CreateObjectMapping: 0.096200 ms MarkObjects: 7.045100 ms  DeleteObjects: 0.123700 ms)

========================================================================
Received Prepare
Registering precompiled user dll's ...
Registered in 0.003394 seconds.
Begin MonoManager ReloadAssembly
Native extension for WindowsStandalone target not found
Refreshing native plugins compatible for Editor in 1.88 ms, found 3 plugins.
Preloading 0 native plugins for Editor in 0.00 ms.
Invoked RoslynAnalysisRunner static constructor.
RoslynAnalysisRunner will not be running.
RoslynAnalysisRunner has terminated.
Mono: successfully reloaded assembly
- Completed reload, in  1.544 seconds
Platform modules already initialized, skipping
Refreshing native plugins compatible for Editor in 0.49 ms, found 3 plugins.
Preloading 0 native plugins for Editor in 0.00 ms.
Unloading 1390 Unused Serialized files (Serialized files now loaded: 0)
System memory in use before: 70.5 MB.
System memory in use after: 70.6 MB.

Unloading 8 unused Assets to reduce memory usage. Loaded Objects now: 1901.
Total: 4.729100 ms (FindLiveObjects: 0.677400 ms CreateObjectMapping: 0.378500 ms MarkObjects: 3.573000 ms  DeleteObjects: 0.098300 ms)

========================================================================
Received Import Request.
  Time since last request: 125.789165 seconds.
  path: Assets/BCounter_duga.cs
  artifactKey: Guid(541dc307de19064468809a00217f7620) Importer(815301076,1909f56bfc062723c751e8b465ee728b)
Start importing Assets/BCounter_duga.cs using Guid(541dc307de19064468809a00217f7620) Importer(815301076,1909f56bfc062723c751e8b465ee728b)  -> (artifact id: '59d6372cec161098a4e14664dacdd10a') in 0.011437 seconds
  Import took 0.015178 seconds .

========================================================================
Received Prepare
Registering precompiled user dll's ...
Registered in 0.002853 seconds.
Begin MonoManager ReloadAssembly
Native extension for WindowsStandalone target not found
Refreshing native plugins compatible for Editor in 0.41 ms, found 3 plugins.
Preloading 0 native plugins for Editor in 0.00 ms.
Invoked RoslynAnalysisRunner static constructor.
RoslynAnalysisRunner will not be running.
RoslynAnalysisRunner has terminated.
Mono: successfully reloaded assembly
- Completed reload, in  1.130 seconds
Platform modules already initialized, skipping
Refreshing native plugins compatible for Editor in 0.45 ms, found 3 plugins.
Preloading 0 native plugins for Editor in 0.00 ms.
Unloading 1390 Unused Serialized files (Serialized files now loaded: 0)
System memory in use before: 70.5 MB.
System memory in use after: 70.6 MB.

Unloading 8 unused Assets to reduce memory usage. Loaded Objects now: 1904.
Total: 2.189300 ms (FindLiveObjects: 0.163000 ms CreateObjectMapping: 0.056100 ms MarkObjects: 1.867900 ms  DeleteObjects: 0.100500 ms)

========================================================================
Received Import Request.
  Time since last request: 31.686148 seconds.
  path: Assets/BCounter_duga.cs
  artifactKey: Guid(541dc307de19064468809a00217f7620) Importer(815301076,1909f56bfc062723c751e8b465ee728b)
Start importing Assets/BCounter_duga.cs using Guid(541dc307de19064468809a00217f7620) Importer(815301076,1909f56bfc062723c751e8b465ee728b)  -> (artifact id: '70045b90d4e428a10db779da6caadd1e') in 0.004259 seconds
  Import took 0.007191 seconds .

========================================================================
Received Prepare
Registering precompiled user dll's ...
Registered in 0.003735 seconds.
Begin MonoManager ReloadAssembly
Native extension for WindowsStandalone target not found
Refreshing native plugins compatible for Editor in 0.53 ms, found 3 plugins.
Preloading 0 native plugins for Editor in 0.00 ms.
Invoked RoslynAnalysisRunner static constructor.
RoslynAnalysisRunner will not be running.
RoslynAnalysisRunner has terminated.
Mono: successfully reloaded assembly
- Completed reload, in  2.279 seconds
Platform modules already initialized, skipping
Refreshing native plugins compatible for Editor in 0.56 ms, found 3 plugins.
Preloading 0 native plugins for Editor in 0.00 ms.
Unloading 1390 Unused Serialized files (Serialized files now loaded: 0)
System memory in use before: 70.2 MB.
System memory in use after: 70.3 MB.

Unloading 8 unused Assets to reduce memory usage. Loaded Objects now: 1907.
Total: 4.649300 ms (FindLiveObjects: 0.239000 ms CreateObjectMapping: 0.073000 ms MarkObjects: 4.272600 ms  DeleteObjects: 0.062800 ms)

========================================================================
Received Import Request.
  Time since last request: 298.502249 seconds.
  path: Assets/BCounter_duga.cs
  artifactKey: Guid(541dc307de19064468809a00217f7620) Importer(815301076,1909f56bfc062723c751e8b465ee728b)
Start importing Assets/BCounter_duga.cs using Guid(541dc307de19064468809a00217f7620) Importer(815301076,1909f56bfc062723c751e8b465ee728b)  -> (artifact id: '3f801d93d90a41469604e46eb5c8b929') in 0.010699 seconds
  Import took 0.117375 seconds .

========================================================================
Received Import Request.
  Time since last request: 21.309867 seconds.
  path: Assets/BCounter_duga.cs
  artifactKey: Guid(541dc307de19064468809a00217f7620) Importer(815301076,1909f56bfc062723c751e8b465ee728b)
Start importing Assets/BCounter_duga.cs using Guid(541dc307de19064468809a00217f7620) Importer(815301076,1909f56bfc062723c751e8b465ee728b)  -> (artifact id: 'd741ca42f496cd5ba5a8bfb59f406073') in 0.003676 seconds
  Import took 0.007204 seconds .

========================================================================
Received Import Request.
  Time since last request: 0.001329 seconds.
  path: Assets/BCounter_duga.cs
  artifactKey: Guid(541dc307de19064468809a00217f7620) Importer(815301076,1909f56bfc062723c751e8b465ee728b)
Start importing Assets/BCounter_duga.cs using Guid(541dc307de19064468809a00217f7620) Importer(815301076,1909f56bfc062723c751e8b465ee728b)  -> (artifact id: 'd741ca42f496cd5ba5a8bfb59f406073') in 0.002698 seconds
  Import took 0.008703 seconds .

========================================================================
Received Import Request.
  Time since last request: 282.826636 seconds.
  path: Assets/BCounter_duga.cs
  artifactKey: Guid(541dc307de19064468809a00217f7620) Importer(815301076,1909f56bfc062723c751e8b465ee728b)
Start importing Assets/BCounter_duga.cs using Guid(541dc307de19064468809a00217f7620) Importer(815301076,1909f56bfc062723c751e8b465ee728b)  -> (artifact id: '74c95fafd9181156f7c313ee45cf494c') in 0.010613 seconds
  Import took 0.048482 seconds .

========================================================================
Received Prepare
Registering precompiled user dll's ...
Registered in 0.002840 seconds.
Begin MonoManager ReloadAssembly
Native extension for WindowsStandalone target not found
Refreshing native plugins compatible for Editor in 0.45 ms, found 3 plugins.
Preloading 0 native plugins for Editor in 0.00 ms.
Invoked RoslynAnalysisRunner static constructor.
RoslynAnalysisRunner will not be running.
RoslynAnalysisRunner has terminated.
Mono: successfully reloaded assembly
- Completed reload, in  1.104 seconds
Platform modules already initialized, skipping
Refreshing native plugins compatible for Editor in 0.42 ms, found 3 plugins.
Preloading 0 native plugins for Editor in 0.00 ms.
Unloading 1390 Unused Serialized files (Serialized files now loaded: 0)
System memory in use before: 70.5 MB.
System memory in use after: 70.6 MB.

Unloading 8 unused Assets to reduce memory usage. Loaded Objects now: 1910.
Total: 2.520500 ms (FindLiveObjects: 0.297000 ms CreateObjectMapping: 0.071500 ms MarkObjects: 2.051800 ms  DeleteObjects: 0.097800 ms)

========================================================================
Received Import Request.
  Time since last request: 24.813765 seconds.
  path: Assets/BCounter_duga.cs
  artifactKey: Guid(541dc307de19064468809a00217f7620) Importer(815301076,1909f56bfc062723c751e8b465ee728b)
Start importing Assets/BCounter_duga.cs using Guid(541dc307de19064468809a00217f7620) Importer(815301076,1909f56bfc062723c751e8b465ee728b)  -> (artifact id: '4c2afeb6972dacfe73752f91e48d54f1') in 0.006824 seconds
  Import took 0.120867 seconds .

========================================================================
Received Prepare
Registering precompiled user dll's ...
Registered in 0.003278 seconds.
Begin MonoManager ReloadAssembly
Native extension for WindowsStandalone target not found
Refreshing native plugins compatible for Editor in 0.59 ms, found 3 plugins.
Preloading 0 native plugins for Editor in 0.00 ms.
Invoked RoslynAnalysisRunner static constructor.
RoslynAnalysisRunner will not be running.
RoslynAnalysisRunner has terminated.
Mono: successfully reloaded assembly
- Completed reload, in  2.441 seconds
Platform modules already initialized, skipping
Refreshing native plugins compatible for Editor in 0.44 ms, found 3 plugins.
Preloading 0 native plugins for Editor in 0.00 ms.
Unloading 1390 Unused Serialized files (Serialized files now loaded: 0)
System memory in use before: 70.3 MB.
System memory in use after: 70.3 MB.

Unloading 8 unused Assets to reduce memory usage. Loaded Objects now: 1913.
Total: 1.776000 ms (FindLiveObjects: 0.167500 ms CreateObjectMapping: 0.052200 ms MarkObjects: 1.495400 ms  DeleteObjects: 0.059400 ms)

========================================================================
Received Prepare
Registering precompiled user dll's ...
Registered in 0.002707 seconds.
Begin MonoManager ReloadAssembly
Native extension for WindowsStandalone target not found
Refreshing native plugins compatible for Editor in 0.39 ms, found 3 plugins.
Preloading 0 native plugins for Editor in 0.00 ms.
Invoked RoslynAnalysisRunner static constructor.
RoslynAnalysisRunner will not be running.
RoslynAnalysisRunner has terminated.
Mono: successfully reloaded assembly
- Completed reload, in  1.149 seconds
Platform modules already initialized, skipping
Refreshing native plugins compatible for Editor in 0.48 ms, found 3 plugins.
Preloading 0 native plugins for Editor in 0.00 ms.
Unloading 1390 Unused Serialized files (Serialized files now loaded: 0)
System memory in use before: 70.5 MB.
System memory in use after: 70.6 MB.

Unloading 8 unused Assets to reduce memory usage. Loaded Objects now: 1916.
Total: 3.114400 ms (FindLiveObjects: 0.653500 ms CreateObjectMapping: 0.140300 ms MarkObjects: 2.249200 ms  DeleteObjects: 0.069600 ms)

========================================================================
Received Import Request.
  Time since last request: 70.474131 seconds.
  path: Assets/BCounter.cs
  artifactKey: Guid(af0a617405cb8084e979cb3e2e139e0d) Importer(815301076,1909f56bfc062723c751e8b465ee728b)
Start importing Assets/BCounter.cs using Guid(af0a617405cb8084e979cb3e2e139e0d) Importer(815301076,1909f56bfc062723c751e8b465ee728b)  -> (artifact id: '39cb7a860a58abaebfc4b5bd41106cb2') in 0.004697 seconds
  Import took 0.007462 seconds .

========================================================================
Received Prepare
Registering precompiled user dll's ...
Registered in 0.004204 seconds.
Begin MonoManager ReloadAssembly
Native extension for WindowsStandalone target not found
Refreshing native plugins compatible for Editor in 0.65 ms, found 3 plugins.
Preloading 0 native plugins for Editor in 0.00 ms.
Invoked RoslynAnalysisRunner static constructor.
RoslynAnalysisRunner will not be running.
RoslynAnalysisRunner has terminated.
Mono: successfully reloaded assembly
- Completed reload, in  1.288 seconds
Platform modules already initialized, skipping
Refreshing native plugins compatible for Editor in 0.49 ms, found 3 plugins.
Preloading 0 native plugins for Editor in 0.00 ms.
Unloading 1390 Unused Serialized files (Serialized files now loaded: 0)
System memory in use before: 70.3 MB.
System memory in use after: 70.4 MB.

Unloading 8 unused Assets to reduce memory usage. Loaded Objects now: 1919.
Total: 6.101600 ms (FindLiveObjects: 0.542200 ms CreateObjectMapping: 0.411500 ms MarkObjects: 5.078700 ms  DeleteObjects: 0.066200 ms)

========================================================================
Received Prepare
Registering precompiled user dll's ...
Registered in 0.002724 seconds.
Begin MonoManager ReloadAssembly
Native extension for WindowsStandalone target not found
Refreshing native plugins compatible for Editor in 0.48 ms, found 3 plugins.
Preloading 0 native plugins for Editor in 0.00 ms.
Invoked RoslynAnalysisRunner static constructor.
RoslynAnalysisRunner will not be running.
RoslynAnalysisRunner has terminated.
Mono: successfully reloaded assembly
- Completed reload, in  1.135 seconds
Platform modules already initialized, skipping
Refreshing native plugins compatible for Editor in 0.40 ms, found 3 plugins.
Preloading 0 native plugins for Editor in 0.00 ms.
Unloading 1390 Unused Serialized files (Serialized files now loaded: 0)
System memory in use before: 70.6 MB.
System memory in use after: 70.6 MB.

Unloading 8 unused Assets to reduce memory usage. Loaded Objects now: 1922.
Total: 3.003100 ms (FindLiveObjects: 0.378000 ms CreateObjectMapping: 0.078200 ms MarkObjects: 2.433900 ms  DeleteObjects: 0.098500 ms)

========================================================================
Received Prepare
Registering precompiled user dll's ...
Registered in 0.005129 seconds.
Begin MonoManager ReloadAssembly
Native extension for WindowsStandalone target not found
Refreshing native plugins compatible for Editor in 2.95 ms, found 3 plugins.
Preloading 0 native plugins for Editor in 0.00 ms.
Invoked RoslynAnalysisRunner static constructor.
RoslynAnalysisRunner will not be running.
RoslynAnalysisRunner has terminated.
Mono: successfully reloaded assembly
- Completed reload, in  1.362 seconds
Platform modules already initialized, skipping
Refreshing native plugins compatible for Editor in 0.41 ms, found 3 plugins.
Preloading 0 native plugins for Editor in 0.00 ms.
Unloading 1390 Unused Serialized files (Serialized files now loaded: 0)
System memory in use before: 70.3 MB.
System memory in use after: 70.4 MB.

Unloading 8 unused Assets to reduce memory usage. Loaded Objects now: 1925.
Total: 1.864600 ms (FindLiveObjects: 0.163600 ms CreateObjectMapping: 0.054800 ms MarkObjects: 1.581700 ms  DeleteObjects: 0.063200 ms)

========================================================================
Received Prepare
Registering precompiled user dll's ...
Registered in 0.004489 seconds.
Begin MonoManager ReloadAssembly
Native extension for WindowsStandalone target not found
Refreshing native plugins compatible for Editor in 0.45 ms, found 3 plugins.
Preloading 0 native plugins for Editor in 0.00 ms.
Invoked RoslynAnalysisRunner static constructor.
RoslynAnalysisRunner will not be running.
RoslynAnalysisRunner has terminated.
Mono: successfully reloaded assembly
- Completed reload, in  1.132 seconds
Platform modules already initialized, skipping
Refreshing native plugins compatible for Editor in 1.60 ms, found 3 plugins.
Preloading 0 native plugins for Editor in 0.00 ms.
Unloading 1390 Unused Serialized files (Serialized files now loaded: 0)
System memory in use before: 70.6 MB.
System memory in use after: 70.7 MB.

Unloading 8 unused Assets to reduce memory usage. Loaded Objects now: 1928.
Total: 5.048500 ms (FindLiveObjects: 0.546300 ms CreateObjectMapping: 0.221300 ms MarkObjects: 4.179100 ms  DeleteObjects: 0.099200 ms)

========================================================================
Received Import Request.
  Time since last request: 248.878797 seconds.
  path: Assets/ScoreText.cs
  artifactKey: Guid(561e2ff07a0f94843bd9ff61a5dd8193) Importer(815301076,1909f56bfc062723c751e8b465ee728b)
Start importing Assets/ScoreText.cs using Guid(561e2ff07a0f94843bd9ff61a5dd8193) Importer(815301076,1909f56bfc062723c751e8b465ee728b)  -> (artifact id: '7db3fdb414c125087df9b24cddd67724') in 0.004511 seconds
  Import took 0.104916 seconds .

========================================================================
Received Prepare
Registering precompiled user dll's ...
Registered in 0.002844 seconds.
Begin MonoManager ReloadAssembly
Native extension for WindowsStandalone target not found
Refreshing native plugins compatible for Editor in 3.80 ms, found 3 plugins.
Preloading 0 native plugins for Editor in 0.00 ms.
Invoked RoslynAnalysisRunner static constructor.
RoslynAnalysisRunner will not be running.
RoslynAnalysisRunner has terminated.
Mono: successfully reloaded assembly
- Completed reload, in  1.329 seconds
Platform modules already initialized, skipping
Refreshing native plugins compatible for Editor in 0.54 ms, found 3 plugins.
Preloading 0 native plugins for Editor in 0.00 ms.
Unloading 1390 Unused Serialized files (Serialized files now loaded: 0)
System memory in use before: 70.3 MB.
System memory in use after: 70.4 MB.

Unloading 8 unused Assets to reduce memory usage. Loaded Objects now: 1931.
Total: 3.724200 ms (FindLiveObjects: 0.286900 ms CreateObjectMapping: 0.401800 ms MarkObjects: 2.947000 ms  DeleteObjects: 0.086300 ms)

========================================================================
Received Prepare
Registering precompiled user dll's ...
Registered in 0.003298 seconds.
Begin MonoManager ReloadAssembly
Native extension for WindowsStandalone target not found
Refreshing native plugins compatible for Editor in 0.58 ms, found 3 plugins.
Preloading 0 native plugins for Editor in 0.00 ms.
Invoked RoslynAnalysisRunner static constructor.
RoslynAnalysisRunner will not be running.
RoslynAnalysisRunner has terminated.
Mono: successfully reloaded assembly
- Completed reload, in  1.973 seconds
Platform modules already initialized, skipping
Refreshing native plugins compatible for Editor in 0.94 ms, found 3 plugins.
Preloading 0 native plugins for Editor in 0.00 ms.
Unloading 1390 Unused Serialized files (Serialized files now loaded: 0)
System memory in use before: 70.6 MB.
System memory in use after: 70.7 MB.

Unloading 8 unused Assets to reduce memory usage. Loaded Objects now: 1934.
Total: 8.904400 ms (FindLiveObjects: 0.176100 ms CreateObjectMapping: 0.059900 ms MarkObjects: 8.585700 ms  DeleteObjects: 0.080800 ms)

========================================================================
Received Prepare
Registering precompiled user dll's ...
Registered in 0.002734 seconds.
Begin MonoManager ReloadAssembly
Native extension for WindowsStandalone target not found
Refreshing native plugins compatible for Editor in 1.97 ms, found 3 plugins.
Preloading 0 native plugins for Editor in 0.00 ms.
Invoked RoslynAnalysisRunner static constructor.
RoslynAnalysisRunner will not be running.
RoslynAnalysisRunner has terminated.
Mono: successfully reloaded assembly
- Completed reload, in  1.335 seconds
Platform modules already initialized, skipping
Refreshing native plugins compatible for Editor in 0.52 ms, found 3 plugins.
Preloading 0 native plugins for Editor in 0.00 ms.
Unloading 1390 Unused Serialized files (Serialized files now loaded: 0)
System memory in use before: 70.6 MB.
System memory in use after: 70.7 MB.

Unloading 8 unused Assets to reduce memory usage. Loaded Objects now: 1937.
Total: 1.983600 ms (FindLiveObjects: 0.227100 ms CreateObjectMapping: 0.060000 ms MarkObjects: 1.606900 ms  DeleteObjects: 0.088200 ms)

AssetImportWorkerClient::OnTransportError - code=2 error=End of file
