Using pre-set license
Built from '2020.2/staging' branch; Version is '2020.2.3f1 (8ff31bc5bf5b) revision 9433883'; Using compiler version '192528614'; Build Type 'Release'
OS: 'Windows 10 Home Single Language; OS build 19041.867; Version 2004; 64bit' Language: 'ru' Physical Memory: 16267 MB
BatchMode: 1, IsHumanControllingUs: 0, StartBugReporterOnCrash: 0, Is64bit: 1, IsPro: 0

 COMMAND LINE ARGUMENTS:
D:\Unity\2020.2.3f1\Editor\Unity.exe
-adb2
-batchMode
-noUpm
-name
AssetImportWorker0
-projectPath
D:/Unity Projects/mYcUM_aRTYOM
-logFile
Logs/AssetImportWorker0.log
-srvPort
55170
Successfully changed project path to: D:/Unity Projects/mYcUM_aRTYOM
D:/Unity Projects/mYcUM_aRTYOM
Using Asset Import Pipeline V2.
Refreshing native plugins compatible for Editor in 48.72 ms, found 3 plugins.
Preloading 0 native plugins for Editor in 0.00 ms.
Initialize engine version: 2020.2.3f1 (8ff31bc5bf5b)
[Subsystems] Discovering subsystems at path D:/Unity/2020.2.3f1/Editor/Data/Resources/UnitySubsystems
[Subsystems] Discovering subsystems at path D:/Unity Projects/mYcUM_aRTYOM/Assets
GfxDevice: creating device client; threaded=0
Direct3D:
    Version:  Direct3D 11.0 [level 11.1]
    Renderer: NVIDIA GeForce GTX 1050 (ID=0x1c8d)
    Vendor:   
    VRAM:     1977 MB
    Driver:   26.21.14.3648
Initialize mono
Mono path[0] = 'D:/Unity/2020.2.3f1/Editor/Data/Managed'
Mono path[1] = 'D:/Unity/2020.2.3f1/Editor/Data/MonoBleedingEdge/lib/mono/unityjit'
Mono config path = 'D:/Unity/2020.2.3f1/Editor/Data/MonoBleedingEdge/etc'
Using monoOptions --debugger-agent=transport=dt_socket,embedding=1,server=y,suspend=n,address=127.0.0.1:56656
Begin MonoManager ReloadAssembly
Registering precompiled unity dll's ...
Register platform support module: D:/Unity/2020.2.3f1/Editor/Data/PlaybackEngines/WindowsStandaloneSupport/UnityEditor.WindowsStandalone.Extensions.dll
Registered in 0.004282 seconds.
Native extension for WindowsStandalone target not found
Refreshing native plugins compatible for Editor in 42.13 ms, found 3 plugins.
Preloading 0 native plugins for Editor in 0.00 ms.
Invoked RoslynAnalysisRunner static constructor.
RoslynAnalysisRunner will not be running.
RoslynAnalysisRunner has terminated.
Mono: successfully reloaded assembly
- Completed reload, in  2.533 seconds
Platform modules already initialized, skipping
Registering precompiled user dll's ...
Registered in 0.002918 seconds.
Begin MonoManager ReloadAssembly
Native extension for WindowsStandalone target not found
Refreshing native plugins compatible for Editor in 0.59 ms, found 3 plugins.
Preloading 0 native plugins for Editor in 0.00 ms.
Invoked RoslynAnalysisRunner static constructor.
RoslynAnalysisRunner will not be running.
RoslynAnalysisRunner has terminated.
Mono: successfully reloaded assembly
- Completed reload, in  1.182 seconds
Platform modules already initialized, skipping
========================================================================
Worker process is ready to serve import requests
Launched and connected shader compiler UnityShaderCompiler.exe after 0.08 seconds
Refreshing native plugins compatible for Editor in 0.41 ms, found 3 plugins.
Preloading 0 native plugins for Editor in 0.00 ms.
Unloading 1428 Unused Serialized files (Serialized files now loaded: 0)
System memory in use before: 72.5 MB.
System memory in use after: 72.6 MB.

Unloading 13 unused Assets to reduce memory usage. Loaded Objects now: 1880.
Total: 2.598100 ms (FindLiveObjects: 0.397800 ms CreateObjectMapping: 0.186800 ms MarkObjects: 1.859400 ms  DeleteObjects: 0.152700 ms)

========================================================================
Received Import Request.
  path: Assets/Basket_set/B_Area.fbx
  artifactKey: Guid(c53230e409c1d49448a0305ab223100e) Importer(815301076,1909f56bfc062723c751e8b465ee728b)
Start importing Assets/Basket_set/B_Area.fbx using Guid(c53230e409c1d49448a0305ab223100e) Importer(815301076,1909f56bfc062723c751e8b465ee728b)  -> (artifact id: 'f9f47b41f188555c999ef9b0291ba665') in 1.072978 seconds
  Import took 1.076767 seconds .

========================================================================
Received Import Request.
  Time since last request: 95.014036 seconds.
  path: Assets/Assets MOOD WARE/_MW Skybox/Test Objects/MAT/PLANE.mat
  artifactKey: Guid(6322710367836514ea7a97c76ce6adc4) Importer(815301076,1909f56bfc062723c751e8b465ee728b)
Start importing Assets/Assets MOOD WARE/_MW Skybox/Test Objects/MAT/PLANE.mat using Guid(6322710367836514ea7a97c76ce6adc4) Importer(815301076,1909f56bfc062723c751e8b465ee728b)  -> (artifact id: 'cd55ac3db4f750fa17bd793ed5ef866a') in 0.672176 seconds
  Import took 0.675963 seconds .

========================================================================
Received Import Request.
  Time since last request: 10.265258 seconds.
  path: Assets/Basket_set/B_Area.fbx
  artifactKey: Guid(c53230e409c1d49448a0305ab223100e) Importer(815301076,1909f56bfc062723c751e8b465ee728b)
Start importing Assets/Basket_set/B_Area.fbx using Guid(c53230e409c1d49448a0305ab223100e) Importer(815301076,1909f56bfc062723c751e8b465ee728b)  -> (artifact id: '8a399bed5d66bc413cd1a3894f318cb8') in 0.484007 seconds
  Import took 0.596113 seconds .

========================================================================
Received Prepare
Registering precompiled user dll's ...
Registered in 0.002907 seconds.
Begin MonoManager ReloadAssembly
Native extension for WindowsStandalone target not found
Refreshing native plugins compatible for Editor in 6.39 ms, found 3 plugins.
Preloading 0 native plugins for Editor in 0.00 ms.
Invoked RoslynAnalysisRunner static constructor.
RoslynAnalysisRunner will not be running.
RoslynAnalysisRunner has terminated.
Mono: successfully reloaded assembly
- Completed reload, in  2.889 seconds
Platform modules already initialized, skipping
Refreshing native plugins compatible for Editor in 0.54 ms, found 3 plugins.
Preloading 0 native plugins for Editor in 0.00 ms.
Unloading 1390 Unused Serialized files (Serialized files now loaded: 0)
System memory in use before: 73.7 MB.
System memory in use after: 73.8 MB.

Unloading 8 unused Assets to reduce memory usage. Loaded Objects now: 1926.
Total: 2.349600 ms (FindLiveObjects: 0.266500 ms CreateObjectMapping: 0.079300 ms MarkObjects: 1.942700 ms  DeleteObjects: 0.058100 ms)

========================================================================
Received Import Request.
  Time since last request: 192.124226 seconds.
  path: Assets/Basket_set/b skin 6.jpg
  artifactKey: Guid(0a134f5a22c69ef47b00e51c03d2060d) Importer(815301076,1909f56bfc062723c751e8b465ee728b)
Start importing Assets/Basket_set/b skin 6.jpg using Guid(0a134f5a22c69ef47b00e51c03d2060d) Importer(815301076,1909f56bfc062723c751e8b465ee728b)  -> (artifact id: '8566f397dffd47cf7b6ed138167a716c') in 0.184048 seconds
  Import took 0.220087 seconds .

========================================================================
Received Import Request.
  Time since last request: 0.000568 seconds.
  path: Assets/Basket_set/b skin 8.png
  artifactKey: Guid(6c40e44b82ec3ae4391536953aa8d355) Importer(815301076,1909f56bfc062723c751e8b465ee728b)
Start importing Assets/Basket_set/b skin 8.png using Guid(6c40e44b82ec3ae4391536953aa8d355) Importer(815301076,1909f56bfc062723c751e8b465ee728b)  -> (artifact id: '5a2a188c65a41ee2f8f6e8492c44e03a') in 0.013027 seconds
  Import took 0.032489 seconds .

========================================================================
Received Import Request.
  Time since last request: 0.000441 seconds.
  path: Assets/Basket_set/ball skin.jpg
  artifactKey: Guid(2d511c1678ae28d4783bc16b9be6843b) Importer(815301076,1909f56bfc062723c751e8b465ee728b)
Start importing Assets/Basket_set/ball skin.jpg using Guid(2d511c1678ae28d4783bc16b9be6843b) Importer(815301076,1909f56bfc062723c751e8b465ee728b)  -> (artifact id: '58d0fba6d3312cc6944c0272c1045251') in 0.011961 seconds
  Import took 0.033779 seconds .

========================================================================
Received Import Request.
  Time since last request: 0.000530 seconds.
  path: Assets/Basket_set/b skin 12.jpg
  artifactKey: Guid(0401e5c7e850070498ac3ef6d19335ec) Importer(815301076,1909f56bfc062723c751e8b465ee728b)
Start importing Assets/Basket_set/b skin 12.jpg using Guid(0401e5c7e850070498ac3ef6d19335ec) Importer(815301076,1909f56bfc062723c751e8b465ee728b)  -> (artifact id: '275bf8b33994abb265b10ad3d8a90cc0') in 0.014777 seconds
  Import took 0.019660 seconds .

========================================================================
Received Import Request.
  Time since last request: 0.000592 seconds.
  path: Assets/Basket_set/ball skin 5.jpg
  artifactKey: Guid(47b71be3bcb59714e84f882f93de1d7c) Importer(815301076,1909f56bfc062723c751e8b465ee728b)
Start importing Assets/Basket_set/ball skin 5.jpg using Guid(47b71be3bcb59714e84f882f93de1d7c) Importer(815301076,1909f56bfc062723c751e8b465ee728b)  -> (artifact id: '4c2c20e00ea3813a3f3bb583555a6fc0') in 0.015153 seconds
  Import took 0.020039 seconds .

========================================================================
Received Import Request.
  Time since last request: 0.000369 seconds.
  path: Assets/Basket_set/b skin 9.jpg
  artifactKey: Guid(660c38c31d56c2c42ae7329fe3673aaf) Importer(815301076,1909f56bfc062723c751e8b465ee728b)
Start importing Assets/Basket_set/b skin 9.jpg using Guid(660c38c31d56c2c42ae7329fe3673aaf) Importer(815301076,1909f56bfc062723c751e8b465ee728b)  -> (artifact id: '21ce61f7eb5a484aedf3306f5b6d1555') in 0.010354 seconds
  Import took 0.046084 seconds .

========================================================================
Received Import Request.
  Time since last request: 0.000427 seconds.
  path: Assets/Basket_set/b skin 11.jpg
  artifactKey: Guid(b16f6ff53c5f29645ba18667e4eca803) Importer(815301076,1909f56bfc062723c751e8b465ee728b)
Start importing Assets/Basket_set/b skin 11.jpg using Guid(b16f6ff53c5f29645ba18667e4eca803) Importer(815301076,1909f56bfc062723c751e8b465ee728b)  -> (artifact id: 'd7b38a61a17d7cd719877dec8269ebf8') in 0.013942 seconds
  Import took 0.024085 seconds .

========================================================================
Received Import Request.
  Time since last request: 0.000337 seconds.
  path: Assets/Basket_set/ball skin 4.jpg
  artifactKey: Guid(5646dee22db04984eaedfcf121a99afc) Importer(815301076,1909f56bfc062723c751e8b465ee728b)
Start importing Assets/Basket_set/ball skin 4.jpg using Guid(5646dee22db04984eaedfcf121a99afc) Importer(815301076,1909f56bfc062723c751e8b465ee728b)  -> (artifact id: '7382f1485310dd768a5375bb94b30a16') in 0.007299 seconds
  Import took 0.023503 seconds .

========================================================================
Received Import Request.
  Time since last request: 0.000367 seconds.
  path: Assets/Basket_set/b skin 10.png
  artifactKey: Guid(4d49ac7b6b05bc642b9bb6e8d923ce05) Importer(815301076,1909f56bfc062723c751e8b465ee728b)
Start importing Assets/Basket_set/b skin 10.png using Guid(4d49ac7b6b05bc642b9bb6e8d923ce05) Importer(815301076,1909f56bfc062723c751e8b465ee728b)  -> (artifact id: 'bac5bd9df960ab00d54b4cadf9dcae30') in 0.008115 seconds
  Import took 0.017748 seconds .

========================================================================
Received Import Request.
  Time since last request: 0.000472 seconds.
  path: Assets/Basket_set/B_Area.fbx
  artifactKey: Guid(c53230e409c1d49448a0305ab223100e) Importer(815301076,1909f56bfc062723c751e8b465ee728b)
Start importing Assets/Basket_set/B_Area.fbx using Guid(c53230e409c1d49448a0305ab223100e) Importer(815301076,1909f56bfc062723c751e8b465ee728b)  -> (artifact id: '16a5ef0d2fb09474533074f14ad47288') in 0.606798 seconds
  Import took 0.612325 seconds .

========================================================================
Received Import Request.
  Time since last request: 0.000345 seconds.
  path: Assets/Basket_set/b skin 7.jpg
  artifactKey: Guid(5a757c9c12b209347bf57f3eaeadfc68) Importer(815301076,1909f56bfc062723c751e8b465ee728b)
Start importing Assets/Basket_set/b skin 7.jpg using Guid(5a757c9c12b209347bf57f3eaeadfc68) Importer(815301076,1909f56bfc062723c751e8b465ee728b)  -> (artifact id: '21f212e4e70f5ff7e494832a97d5e21b') in 0.009537 seconds
  Import took 0.012433 seconds .

========================================================================
Received Prepare
Registering precompiled user dll's ...
Registered in 0.003606 seconds.
Begin MonoManager ReloadAssembly
Native extension for WindowsStandalone target not found
Refreshing native plugins compatible for Editor in 0.71 ms, found 3 plugins.
Preloading 0 native plugins for Editor in 0.00 ms.
Invoked RoslynAnalysisRunner static constructor.
RoslynAnalysisRunner will not be running.
RoslynAnalysisRunner has terminated.
Mono: successfully reloaded assembly
- Completed reload, in  1.392 seconds
Platform modules already initialized, skipping
Refreshing native plugins compatible for Editor in 0.57 ms, found 3 plugins.
Preloading 0 native plugins for Editor in 0.00 ms.
Unloading 1390 Unused Serialized files (Serialized files now loaded: 0)
System memory in use before: 74.3 MB.
System memory in use after: 74.4 MB.

Unloading 8 unused Assets to reduce memory usage. Loaded Objects now: 1933.
Total: 3.771100 ms (FindLiveObjects: 0.867700 ms CreateObjectMapping: 0.161800 ms MarkObjects: 2.675300 ms  DeleteObjects: 0.064100 ms)

========================================================================
Received Prepare
Registering precompiled user dll's ...
Registered in 0.003463 seconds.
Begin MonoManager ReloadAssembly
Native extension for WindowsStandalone target not found
Refreshing native plugins compatible for Editor in 0.42 ms, found 3 plugins.
Preloading 0 native plugins for Editor in 0.00 ms.
Invoked RoslynAnalysisRunner static constructor.
RoslynAnalysisRunner will not be running.
RoslynAnalysisRunner has terminated.
Mono: successfully reloaded assembly
- Completed reload, in  1.368 seconds
Platform modules already initialized, skipping
Refreshing native plugins compatible for Editor in 0.43 ms, found 3 plugins.
Preloading 0 native plugins for Editor in 0.00 ms.
Unloading 1390 Unused Serialized files (Serialized files now loaded: 0)
System memory in use before: 74.3 MB.
System memory in use after: 74.4 MB.

Unloading 8 unused Assets to reduce memory usage. Loaded Objects now: 1936.
Total: 1.910400 ms (FindLiveObjects: 0.176500 ms CreateObjectMapping: 0.052600 ms MarkObjects: 1.621600 ms  DeleteObjects: 0.058400 ms)

========================================================================
Received Prepare
Registering precompiled user dll's ...
Registered in 0.002936 seconds.
Begin MonoManager ReloadAssembly
Native extension for WindowsStandalone target not found
Refreshing native plugins compatible for Editor in 0.40 ms, found 3 plugins.
Preloading 0 native plugins for Editor in 0.00 ms.
Invoked RoslynAnalysisRunner static constructor.
RoslynAnalysisRunner will not be running.
RoslynAnalysisRunner has terminated.
Mono: successfully reloaded assembly
- Completed reload, in  1.403 seconds
Platform modules already initialized, skipping
Refreshing native plugins compatible for Editor in 0.68 ms, found 3 plugins.
Preloading 0 native plugins for Editor in 0.00 ms.
Unloading 1390 Unused Serialized files (Serialized files now loaded: 0)
System memory in use before: 74.3 MB.
System memory in use after: 74.4 MB.

Unloading 8 unused Assets to reduce memory usage. Loaded Objects now: 1939.
Total: 3.269300 ms (FindLiveObjects: 0.205800 ms CreateObjectMapping: 0.060100 ms MarkObjects: 2.883800 ms  DeleteObjects: 0.117100 ms)

========================================================================
Received Prepare
Registering precompiled user dll's ...
Registered in 0.004351 seconds.
Begin MonoManager ReloadAssembly
Native extension for WindowsStandalone target not found
Refreshing native plugins compatible for Editor in 0.41 ms, found 3 plugins.
Preloading 0 native plugins for Editor in 0.00 ms.
Invoked RoslynAnalysisRunner static constructor.
RoslynAnalysisRunner will not be running.
RoslynAnalysisRunner has terminated.
Mono: successfully reloaded assembly
- Completed reload, in  1.384 seconds
Platform modules already initialized, skipping
Refreshing native plugins compatible for Editor in 0.47 ms, found 3 plugins.
Preloading 0 native plugins for Editor in 0.00 ms.
Unloading 1390 Unused Serialized files (Serialized files now loaded: 0)
System memory in use before: 74.3 MB.
System memory in use after: 74.4 MB.

Unloading 8 unused Assets to reduce memory usage. Loaded Objects now: 1942.
Total: 4.132400 ms (FindLiveObjects: 1.133200 ms CreateObjectMapping: 0.206400 ms MarkObjects: 2.717900 ms  DeleteObjects: 0.069200 ms)

========================================================================
Received Prepare
Registering precompiled user dll's ...
Registered in 0.004060 seconds.
Begin MonoManager ReloadAssembly
Native extension for WindowsStandalone target not found
Refreshing native plugins compatible for Editor in 0.40 ms, found 3 plugins.
Preloading 0 native plugins for Editor in 0.00 ms.
Invoked RoslynAnalysisRunner static constructor.
RoslynAnalysisRunner will not be running.
RoslynAnalysisRunner has terminated.
Mono: successfully reloaded assembly
- Completed reload, in  1.331 seconds
Platform modules already initialized, skipping
Refreshing native plugins compatible for Editor in 0.59 ms, found 3 plugins.
Preloading 0 native plugins for Editor in 0.00 ms.
Unloading 1390 Unused Serialized files (Serialized files now loaded: 0)
System memory in use before: 74.4 MB.
System memory in use after: 74.4 MB.

Unloading 8 unused Assets to reduce memory usage. Loaded Objects now: 1945.
Total: 6.399100 ms (FindLiveObjects: 2.478700 ms CreateObjectMapping: 1.079200 ms MarkObjects: 2.775000 ms  DeleteObjects: 0.064100 ms)

========================================================================
Received Prepare
Registering precompiled user dll's ...
Registered in 0.002706 seconds.
Begin MonoManager ReloadAssembly
Native extension for WindowsStandalone target not found
Refreshing native plugins compatible for Editor in 2.28 ms, found 3 plugins.
Preloading 0 native plugins for Editor in 0.00 ms.
Invoked RoslynAnalysisRunner static constructor.
RoslynAnalysisRunner will not be running.
RoslynAnalysisRunner has terminated.
Mono: successfully reloaded assembly
- Completed reload, in  4.159 seconds
Platform modules already initialized, skipping
Refreshing native plugins compatible for Editor in 0.41 ms, found 3 plugins.
Preloading 0 native plugins for Editor in 0.00 ms.
Unloading 1390 Unused Serialized files (Serialized files now loaded: 0)
System memory in use before: 74.4 MB.
System memory in use after: 74.4 MB.

Unloading 8 unused Assets to reduce memory usage. Loaded Objects now: 1948.
Total: 2.458700 ms (FindLiveObjects: 0.186600 ms CreateObjectMapping: 0.062400 ms MarkObjects: 2.138800 ms  DeleteObjects: 0.069000 ms)

========================================================================
Received Import Request.
  Time since last request: 634.915198 seconds.
  path: Assets/BasketBall.cs
  artifactKey: Guid(20e91f338a3e91b498483ebb46763663) Importer(815301076,1909f56bfc062723c751e8b465ee728b)
Start importing Assets/BasketBall.cs using Guid(20e91f338a3e91b498483ebb46763663) Importer(815301076,1909f56bfc062723c751e8b465ee728b)  -> (artifact id: '8ac4d66a91e43b7f32491ba6d7b4fb0c') in 0.026429 seconds
  Import took 0.030896 seconds .

========================================================================
Received Prepare
Registering precompiled user dll's ...
Registered in 0.002877 seconds.
Begin MonoManager ReloadAssembly
Native extension for WindowsStandalone target not found
Refreshing native plugins compatible for Editor in 0.51 ms, found 3 plugins.
Preloading 0 native plugins for Editor in 0.00 ms.
Invoked RoslynAnalysisRunner static constructor.
RoslynAnalysisRunner will not be running.
RoslynAnalysisRunner has terminated.
Mono: successfully reloaded assembly
- Completed reload, in  1.693 seconds
Platform modules already initialized, skipping
Refreshing native plugins compatible for Editor in 0.57 ms, found 3 plugins.
Preloading 0 native plugins for Editor in 0.00 ms.
Unloading 1390 Unused Serialized files (Serialized files now loaded: 0)
System memory in use before: 74.4 MB.
System memory in use after: 74.5 MB.

Unloading 8 unused Assets to reduce memory usage. Loaded Objects now: 1951.
Total: 11.372400 ms (FindLiveObjects: 0.180800 ms CreateObjectMapping: 0.063600 ms MarkObjects: 10.439000 ms  DeleteObjects: 0.686100 ms)

========================================================================
Received Prepare
Registering precompiled user dll's ...
Registered in 0.002995 seconds.
Begin MonoManager ReloadAssembly
Native extension for WindowsStandalone target not found
Refreshing native plugins compatible for Editor in 0.52 ms, found 3 plugins.
Preloading 0 native plugins for Editor in 0.00 ms.
Invoked RoslynAnalysisRunner static constructor.
RoslynAnalysisRunner will not be running.
RoslynAnalysisRunner has terminated.
Mono: successfully reloaded assembly
- Completed reload, in  1.742 seconds
Platform modules already initialized, skipping
Refreshing native plugins compatible for Editor in 0.74 ms, found 3 plugins.
Preloading 0 native plugins for Editor in 0.00 ms.
Unloading 1390 Unused Serialized files (Serialized files now loaded: 0)
System memory in use before: 74.4 MB.
System memory in use after: 74.5 MB.

Unloading 8 unused Assets to reduce memory usage. Loaded Objects now: 1954.
Total: 3.431800 ms (FindLiveObjects: 0.335600 ms CreateObjectMapping: 0.206500 ms MarkObjects: 2.817000 ms  DeleteObjects: 0.070700 ms)

========================================================================
Received Prepare
Registering precompiled user dll's ...
Registered in 0.002777 seconds.
Begin MonoManager ReloadAssembly
Native extension for WindowsStandalone target not found
Refreshing native plugins compatible for Editor in 0.68 ms, found 3 plugins.
Preloading 0 native plugins for Editor in 0.00 ms.
Invoked RoslynAnalysisRunner static constructor.
RoslynAnalysisRunner will not be running.
RoslynAnalysisRunner has terminated.
Mono: successfully reloaded assembly
- Completed reload, in  1.686 seconds
Platform modules already initialized, skipping
Refreshing native plugins compatible for Editor in 1.74 ms, found 3 plugins.
Preloading 0 native plugins for Editor in 0.00 ms.
Unloading 1390 Unused Serialized files (Serialized files now loaded: 0)
System memory in use before: 74.4 MB.
System memory in use after: 74.5 MB.

Unloading 8 unused Assets to reduce memory usage. Loaded Objects now: 1957.
Total: 1.756400 ms (FindLiveObjects: 0.161300 ms CreateObjectMapping: 0.048900 ms MarkObjects: 1.482200 ms  DeleteObjects: 0.062900 ms)

========================================================================
Received Prepare
Registering precompiled user dll's ...
Registered in 0.002681 seconds.
Begin MonoManager ReloadAssembly
Native extension for WindowsStandalone target not found
Refreshing native plugins compatible for Editor in 0.40 ms, found 3 plugins.
Preloading 0 native plugins for Editor in 0.00 ms.
Invoked RoslynAnalysisRunner static constructor.
RoslynAnalysisRunner will not be running.
RoslynAnalysisRunner has terminated.
Mono: successfully reloaded assembly
- Completed reload, in  1.195 seconds
Platform modules already initialized, skipping
Refreshing native plugins compatible for Editor in 0.41 ms, found 3 plugins.
Preloading 0 native plugins for Editor in 0.00 ms.
Unloading 1390 Unused Serialized files (Serialized files now loaded: 0)
System memory in use before: 74.4 MB.
System memory in use after: 74.5 MB.

Unloading 8 unused Assets to reduce memory usage. Loaded Objects now: 1960.
Total: 3.644200 ms (FindLiveObjects: 0.205400 ms CreateObjectMapping: 0.056800 ms MarkObjects: 3.303700 ms  DeleteObjects: 0.076700 ms)

========================================================================
Received Import Request.
  Time since last request: 167.562897 seconds.
  path: Assets/BasketBall.cs
  artifactKey: Guid(20e91f338a3e91b498483ebb46763663) Importer(815301076,1909f56bfc062723c751e8b465ee728b)
Start importing Assets/BasketBall.cs using Guid(20e91f338a3e91b498483ebb46763663) Importer(815301076,1909f56bfc062723c751e8b465ee728b)  -> (artifact id: '555a6fedd869390ba7aecee27b01d9b4') in 0.005594 seconds
  Import took 0.066214 seconds .

========================================================================
Received Prepare
Registering precompiled user dll's ...
Registered in 0.004239 seconds.
Begin MonoManager ReloadAssembly
Native extension for WindowsStandalone target not found
Refreshing native plugins compatible for Editor in 0.66 ms, found 3 plugins.
Preloading 0 native plugins for Editor in 0.00 ms.
Invoked RoslynAnalysisRunner static constructor.
RoslynAnalysisRunner will not be running.
RoslynAnalysisRunner has terminated.
Mono: successfully reloaded assembly
- Completed reload, in  1.777 seconds
Platform modules already initialized, skipping
Refreshing native plugins compatible for Editor in 0.85 ms, found 3 plugins.
Preloading 0 native plugins for Editor in 0.00 ms.
Unloading 1390 Unused Serialized files (Serialized files now loaded: 0)
System memory in use before: 74.1 MB.
System memory in use after: 74.2 MB.

Unloading 8 unused Assets to reduce memory usage. Loaded Objects now: 1963.
Total: 2.905000 ms (FindLiveObjects: 0.328900 ms CreateObjectMapping: 0.082300 ms MarkObjects: 2.423800 ms  DeleteObjects: 0.068300 ms)

========================================================================
Received Prepare
Registering precompiled user dll's ...
Registered in 0.003008 seconds.
Begin MonoManager ReloadAssembly
Native extension for WindowsStandalone target not found
Refreshing native plugins compatible for Editor in 0.51 ms, found 3 plugins.
Preloading 0 native plugins for Editor in 0.00 ms.
Invoked RoslynAnalysisRunner static constructor.
RoslynAnalysisRunner will not be running.
RoslynAnalysisRunner has terminated.
Mono: successfully reloaded assembly
- Completed reload, in  1.388 seconds
Platform modules already initialized, skipping
Refreshing native plugins compatible for Editor in 0.39 ms, found 3 plugins.
Preloading 0 native plugins for Editor in 0.00 ms.
Unloading 1390 Unused Serialized files (Serialized files now loaded: 0)
System memory in use before: 74.4 MB.
System memory in use after: 74.5 MB.

Unloading 8 unused Assets to reduce memory usage. Loaded Objects now: 1966.
Total: 2.215500 ms (FindLiveObjects: 0.169900 ms CreateObjectMapping: 0.053000 ms MarkObjects: 1.914300 ms  DeleteObjects: 0.076900 ms)

========================================================================
Received Prepare
Registering precompiled user dll's ...
Registered in 0.002765 seconds.
Begin MonoManager ReloadAssembly
Native extension for WindowsStandalone target not found
Refreshing native plugins compatible for Editor in 0.40 ms, found 3 plugins.
Preloading 0 native plugins for Editor in 0.00 ms.
Invoked RoslynAnalysisRunner static constructor.
RoslynAnalysisRunner will not be running.
RoslynAnalysisRunner has terminated.
Mono: successfully reloaded assembly
- Completed reload, in  1.219 seconds
Platform modules already initialized, skipping
Refreshing native plugins compatible for Editor in 1.04 ms, found 3 plugins.
Preloading 0 native plugins for Editor in 0.00 ms.
Unloading 1390 Unused Serialized files (Serialized files now loaded: 0)
System memory in use before: 74.4 MB.
System memory in use after: 74.5 MB.

Unloading 8 unused Assets to reduce memory usage. Loaded Objects now: 1969.
Total: 2.448100 ms (FindLiveObjects: 0.239300 ms CreateObjectMapping: 0.112800 ms MarkObjects: 2.017200 ms  DeleteObjects: 0.077200 ms)

========================================================================
Received Prepare
Registering precompiled user dll's ...
Registered in 0.003134 seconds.
Begin MonoManager ReloadAssembly
Native extension for WindowsStandalone target not found
Refreshing native plugins compatible for Editor in 0.41 ms, found 3 plugins.
Preloading 0 native plugins for Editor in 0.00 ms.
Invoked RoslynAnalysisRunner static constructor.
RoslynAnalysisRunner will not be running.
RoslynAnalysisRunner has terminated.
Mono: successfully reloaded assembly
- Completed reload, in  1.344 seconds
Platform modules already initialized, skipping
Refreshing native plugins compatible for Editor in 0.43 ms, found 3 plugins.
Preloading 0 native plugins for Editor in 0.00 ms.
Unloading 1390 Unused Serialized files (Serialized files now loaded: 0)
System memory in use before: 74.4 MB.
System memory in use after: 74.5 MB.

Unloading 8 unused Assets to reduce memory usage. Loaded Objects now: 1972.
Total: 2.619000 ms (FindLiveObjects: 0.427400 ms CreateObjectMapping: 0.083900 ms MarkObjects: 2.017100 ms  DeleteObjects: 0.088500 ms)

========================================================================
Received Prepare
Registering precompiled user dll's ...
Registered in 0.004442 seconds.
Begin MonoManager ReloadAssembly
Native extension for WindowsStandalone target not found
Refreshing native plugins compatible for Editor in 1.16 ms, found 3 plugins.
Preloading 0 native plugins for Editor in 0.00 ms.
Invoked RoslynAnalysisRunner static constructor.
RoslynAnalysisRunner will not be running.
RoslynAnalysisRunner has terminated.
Mono: successfully reloaded assembly
- Completed reload, in  1.377 seconds
Platform modules already initialized, skipping
Refreshing native plugins compatible for Editor in 0.54 ms, found 3 plugins.
Preloading 0 native plugins for Editor in 0.00 ms.
Unloading 1390 Unused Serialized files (Serialized files now loaded: 0)
System memory in use before: 74.4 MB.
System memory in use after: 74.5 MB.

Unloading 8 unused Assets to reduce memory usage. Loaded Objects now: 1975.
Total: 2.693900 ms (FindLiveObjects: 0.203600 ms CreateObjectMapping: 0.065300 ms MarkObjects: 2.360100 ms  DeleteObjects: 0.062800 ms)

========================================================================
Received Prepare
Registering precompiled user dll's ...
Registered in 0.003325 seconds.
Begin MonoManager ReloadAssembly
Native extension for WindowsStandalone target not found
Refreshing native plugins compatible for Editor in 0.43 ms, found 3 plugins.
Preloading 0 native plugins for Editor in 0.00 ms.
Invoked RoslynAnalysisRunner static constructor.
RoslynAnalysisRunner will not be running.
RoslynAnalysisRunner has terminated.
Mono: successfully reloaded assembly
- Completed reload, in  1.256 seconds
Platform modules already initialized, skipping
Refreshing native plugins compatible for Editor in 0.84 ms, found 3 plugins.
Preloading 0 native plugins for Editor in 0.00 ms.
Unloading 1390 Unused Serialized files (Serialized files now loaded: 0)
System memory in use before: 74.4 MB.
System memory in use after: 74.5 MB.

Unloading 8 unused Assets to reduce memory usage. Loaded Objects now: 1978.
Total: 4.143700 ms (FindLiveObjects: 0.291300 ms CreateObjectMapping: 0.566700 ms MarkObjects: 3.222400 ms  DeleteObjects: 0.061400 ms)

========================================================================
Received Prepare
Registering precompiled user dll's ...
Registered in 0.003086 seconds.
Begin MonoManager ReloadAssembly
Native extension for WindowsStandalone target not found
Refreshing native plugins compatible for Editor in 0.40 ms, found 3 plugins.
Preloading 0 native plugins for Editor in 0.00 ms.
Invoked RoslynAnalysisRunner static constructor.
RoslynAnalysisRunner will not be running.
RoslynAnalysisRunner has terminated.
Mono: successfully reloaded assembly
- Completed reload, in  1.289 seconds
Platform modules already initialized, skipping
Refreshing native plugins compatible for Editor in 1.23 ms, found 3 plugins.
Preloading 0 native plugins for Editor in 0.00 ms.
Unloading 1390 Unused Serialized files (Serialized files now loaded: 0)
System memory in use before: 74.4 MB.
System memory in use after: 74.5 MB.

Unloading 8 unused Assets to reduce memory usage. Loaded Objects now: 1981.
Total: 2.035800 ms (FindLiveObjects: 0.170900 ms CreateObjectMapping: 0.053300 ms MarkObjects: 1.748900 ms  DeleteObjects: 0.061200 ms)

========================================================================
Received Prepare
Registering precompiled user dll's ...
Registered in 0.002659 seconds.
Begin MonoManager ReloadAssembly
Native extension for WindowsStandalone target not found
Refreshing native plugins compatible for Editor in 0.41 ms, found 3 plugins.
Preloading 0 native plugins for Editor in 0.00 ms.
Invoked RoslynAnalysisRunner static constructor.
RoslynAnalysisRunner will not be running.
RoslynAnalysisRunner has terminated.
Mono: successfully reloaded assembly
- Completed reload, in  1.237 seconds
Platform modules already initialized, skipping
Refreshing native plugins compatible for Editor in 0.40 ms, found 3 plugins.
Preloading 0 native plugins for Editor in 0.00 ms.
Unloading 1390 Unused Serialized files (Serialized files now loaded: 0)
System memory in use before: 74.4 MB.
System memory in use after: 74.5 MB.

Unloading 8 unused Assets to reduce memory usage. Loaded Objects now: 1984.
Total: 2.228800 ms (FindLiveObjects: 0.209600 ms CreateObjectMapping: 0.063500 ms MarkObjects: 1.881800 ms  DeleteObjects: 0.072100 ms)

AssetImportWorkerClient::OnTransportError - code=2 error=End of file
